Using pre-set license
Built from '2020.3/release' branch; Version is '2020.3.7f1 (dd97f2c94397) revision 14522354'; Using compiler version '192528614'; Build Type 'Release'
OS: 'Windows 10 Pro; OS build 19042.985; Version 2009; 64bit' Language: 'en' Physical Memory: 16238 MB
BatchMode: 1, IsHumanControllingUs: 0, StartBugReporterOnCrash: 0, Is64bit: 1, IsPro: 0

 COMMAND LINE ARGUMENTS:
C:\Program Files\Unity Hub\2020.3.7f1\Editor\Unity.exe
-adb2
-batchMode
-noUpm
-name
AssetImportWorker0
-projectPath
C:/Users/15892/Documents/Unity/Projects/Demo
-logFile
Logs/AssetImportWorker0.log
-srvPort
5786
Successfully changed project path to: C:/Users/15892/Documents/Unity/Projects/Demo
C:/Users/15892/Documents/Unity/Projects/Demo
Using Asset Import Pipeline V2.
Refreshing native plugins compatible for Editor in 69.13 ms, found 1 plugins.
Preloading 0 native plugins for Editor in 0.00 ms.
Initialize engine version: 2020.3.7f1 (dd97f2c94397)
[Subsystems] Discovering subsystems at path C:/Program Files/Unity Hub/2020.3.7f1/Editor/Data/Resources/UnitySubsystems
[Subsystems] Discovering subsystems at path C:/Users/15892/Documents/Unity/Projects/Demo/Assets
GfxDevice: creating device client; threaded=0
Direct3D:
    Version:  Direct3D 11.0 [level 11.1]
    Renderer: Intel(R) UHD Graphics 620 (ID=0x5917)
    Vendor:   
    VRAM:     8119 MB
    Driver:   27.20.100.9316
Initialize mono
Mono path[0] = 'C:/Program Files/Unity Hub/2020.3.7f1/Editor/Data/Managed'
Mono path[1] = 'C:/Program Files/Unity Hub/2020.3.7f1/Editor/Data/MonoBleedingEdge/lib/mono/unityjit'
Mono config path = 'C:/Program Files/Unity Hub/2020.3.7f1/Editor/Data/MonoBleedingEdge/etc'
Using monoOptions --debugger-agent=transport=dt_socket,embedding=1,server=y,suspend=n,address=127.0.0.1:56432
Begin MonoManager ReloadAssembly
Registering precompiled unity dll's ...
Register platform support module: C:/Program Files/Unity Hub/2020.3.7f1/Editor/Data/PlaybackEngines/WindowsStandaloneSupport/UnityEditor.WindowsStandalone.Extensions.dll
Registered in 0.004178 seconds.
Native extension for WindowsStandalone target not found
Refreshing native plugins compatible for Editor in 57.83 ms, found 1 plugins.
Preloading 0 native plugins for Editor in 0.00 ms.
Mono: successfully reloaded assembly
- Completed reload, in  1.585 seconds
Platform modules already initialized, skipping
Registering precompiled user dll's ...
Registered in 0.001849 seconds.
Begin MonoManager ReloadAssembly
Native extension for WindowsStandalone target not found
Refreshing native plugins compatible for Editor in 42.92 ms, found 1 plugins.
Preloading 0 native plugins for Editor in 0.00 ms.
Mono: successfully reloaded assembly
- Completed reload, in  1.202 seconds
Platform modules already initialized, skipping
========================================================================
Worker process is ready to serve import requests
Launched and connected shader compiler UnityShaderCompiler.exe after 0.06 seconds
Refreshing native plugins compatible for Editor in 0.40 ms, found 1 plugins.
Preloading 0 native plugins for Editor in 0.00 ms.
Unloading 1812 Unused Serialized files (Serialized files now loaded: 0)
System memory in use before: 85.0 MB.
System memory in use after: 85.0 MB.

Unloading 24 unused Assets to reduce memory usage. Loaded Objects now: 2255.
Total: 2.798100 ms (FindLiveObjects: 0.344400 ms CreateObjectMapping: 0.160000 ms MarkObjects: 2.140000 ms  DeleteObjects: 0.152100 ms)

========================================================================
Received Import Request.
  path: Assets/Texture/Monster.png
  artifactKey: Guid(69395dc4cac080442ae0e62aad437b56) Importer(815301076,1909f56bfc062723c751e8b465ee728b)
Start importing Assets/Texture/Monster.png using Guid(69395dc4cac080442ae0e62aad437b56) Importer(815301076,1909f56bfc062723c751e8b465ee728b)  -> (artifact id: '74f939cdc12199c1f79e1924b6b13389') in 0.165093 seconds
  Import took 0.168582 seconds .

========================================================================
Received Import Request.
  Time since last request: 0.000426 seconds.
  path: Assets/Prefab/HBG.prefab
  artifactKey: Guid(6548f64328a9f9a44840b909b023d5cb) Importer(815301076,1909f56bfc062723c751e8b465ee728b)
Start importing Assets/Prefab/HBG.prefab using Guid(6548f64328a9f9a44840b909b023d5cb) Importer(815301076,1909f56bfc062723c751e8b465ee728b)  -> (artifact id: '53a8e907029ecc39de1c841f2cf7a50e') in 0.056802 seconds
  Import took 0.060214 seconds .

========================================================================
Received Import Request.
  Time since last request: 27.633257 seconds.
  path: Assets/Texture/HBG.png
  artifactKey: Guid(b4b2ac330d0550a409493fa6909dddf3) Importer(815301076,1909f56bfc062723c751e8b465ee728b)
Start importing Assets/Texture/HBG.png using Guid(b4b2ac330d0550a409493fa6909dddf3) Importer(815301076,1909f56bfc062723c751e8b465ee728b)  -> (artifact id: '1e5ad425b29f59cc32db6cc844cbd48f') in 0.018926 seconds
  Import took 0.022712 seconds .

========================================================================
Received Import Request.
  Time since last request: 312.115186 seconds.
  path: Assets/Script/MonsterCtrl.cs
  artifactKey: Guid(a661f919b90e3a148808502bff4bd371) Importer(815301076,1909f56bfc062723c751e8b465ee728b)
Start importing Assets/Script/MonsterCtrl.cs using Guid(a661f919b90e3a148808502bff4bd371) Importer(815301076,1909f56bfc062723c751e8b465ee728b)  -> (artifact id: '58d139d5a8603a4a537e58295775497c') in 0.030169 seconds
  Import took 0.035615 seconds .

========================================================================
Received Prepare
Registering precompiled user dll's ...
Registered in 0.001182 seconds.
Begin MonoManager ReloadAssembly
Native extension for WindowsStandalone target not found
Refreshing native plugins compatible for Editor in 0.39 ms, found 1 plugins.
Preloading 0 native plugins for Editor in 0.00 ms.
Mono: successfully reloaded assembly
- Completed reload, in  1.027 seconds
Platform modules already initialized, skipping
Refreshing native plugins compatible for Editor in 0.41 ms, found 1 plugins.
Preloading 0 native plugins for Editor in 0.00 ms.
Unloading 1808 Unused Serialized files (Serialized files now loaded: 0)
System memory in use before: 88.1 MB.
System memory in use after: 88.1 MB.

Unloading 12 unused Assets to reduce memory usage. Loaded Objects now: 2269.
Total: 2.682600 ms (FindLiveObjects: 0.316200 ms CreateObjectMapping: 0.176700 ms MarkObjects: 2.070800 ms  DeleteObjects: 0.117200 ms)

========================================================================
Received Prepare
Registering precompiled user dll's ...
Registered in 0.001523 seconds.
Begin MonoManager ReloadAssembly
Native extension for WindowsStandalone target not found
Refreshing native plugins compatible for Editor in 0.36 ms, found 1 plugins.
Preloading 0 native plugins for Editor in 0.00 ms.
Mono: successfully reloaded assembly
- Completed reload, in  1.019 seconds
Platform modules already initialized, skipping
Refreshing native plugins compatible for Editor in 0.37 ms, found 1 plugins.
Preloading 0 native plugins for Editor in 0.00 ms.
Unloading 1808 Unused Serialized files (Serialized files now loaded: 0)
System memory in use before: 88.1 MB.
System memory in use after: 88.1 MB.

Unloading 12 unused Assets to reduce memory usage. Loaded Objects now: 2273.
Total: 2.536500 ms (FindLiveObjects: 0.238500 ms CreateObjectMapping: 0.130800 ms MarkObjects: 2.043700 ms  DeleteObjects: 0.122100 ms)

========================================================================
Received Import Request.
  Time since last request: 113.758626 seconds.
  path: Assets/Script/MonsterCtrl.cs
  artifactKey: Guid(a661f919b90e3a148808502bff4bd371) Importer(815301076,1909f56bfc062723c751e8b465ee728b)
Start importing Assets/Script/MonsterCtrl.cs using Guid(a661f919b90e3a148808502bff4bd371) Importer(815301076,1909f56bfc062723c751e8b465ee728b)  -> (artifact id: 'da0e998970008253ed58e9f695bd12c4') in 0.005776 seconds
  Import took 0.009064 seconds .

========================================================================
Received Prepare
Registering precompiled user dll's ...
Registered in 0.001223 seconds.
Begin MonoManager ReloadAssembly
Native extension for WindowsStandalone target not found
Refreshing native plugins compatible for Editor in 1.83 ms, found 1 plugins.
Preloading 0 native plugins for Editor in 0.00 ms.
Mono: successfully reloaded assembly
- Completed reload, in  1.576 seconds
Platform modules already initialized, skipping
Refreshing native plugins compatible for Editor in 0.36 ms, found 1 plugins.
Preloading 0 native plugins for Editor in 0.00 ms.
Unloading 1808 Unused Serialized files (Serialized files now loaded: 0)
System memory in use before: 88.2 MB.
System memory in use after: 88.1 MB.

Unloading 12 unused Assets to reduce memory usage. Loaded Objects now: 2277.
Total: 2.974800 ms (FindLiveObjects: 0.273900 ms CreateObjectMapping: 0.074500 ms MarkObjects: 2.454600 ms  DeleteObjects: 0.170100 ms)

